Flow report for lab1_part2
Thu Feb 02 15:32:50 2017
Quartus Prime Version 16.0.0 Build 211 04/27/2016 SJ Lite Edition


---------------------
; Table of Contents ;
---------------------
  1. Legal Notice
  2. Flow Summary
  3. Flow Settings
  4. Flow Non-Default Global Settings
  5. Flow Elapsed Time
  6. Flow OS Summary
  7. Flow Log
  8. Flow Messages
  9. Flow Suppressed Messages



----------------
; Legal Notice ;
----------------
Copyright (C) 1991-2016 Altera Corporation. All rights reserved.
Your use of Altera Corporation's design tools, logic functions 
and other software and tools, and its AMPP partner logic 
functions, and any output files from any of the foregoing 
(including device programming or simulation files), and any 
associated documentation or information are expressly subject 
to the terms and conditions of the Altera Program License 
Subscription Agreement, the Altera Quartus Prime License Agreement,
the Altera MegaCore Function License Agreement, or other 
applicable license agreement, including, without limitation, 
that your use is for the sole purpose of programming logic 
devices manufactured by Altera and sold by Altera or its 
authorized distributors.  Please refer to the applicable 
agreement for further details.



+-------------------------------------------------------------------------------+
; Flow Summary                                                                  ;
+---------------------------------+---------------------------------------------+
; Flow Status                     ; Successful - Thu Feb 02 15:32:50 2017       ;
; Quartus Prime Version           ; 16.0.0 Build 211 04/27/2016 SJ Lite Edition ;
; Revision Name                   ; lab1_part2                                  ;
; Top-level Entity Name           ; count_bin_top                               ;
; Family                          ; Cyclone V                                   ;
; Device                          ; 5CSEMA5F31C6                                ;
; Timing Models                   ; Final                                       ;
; Logic utilization (in ALMs)     ; 1,046 / 32,070 ( 3 % )                      ;
; Total registers                 ; 1598                                        ;
; Total pins                      ; 66 / 457 ( 14 % )                           ;
; Total virtual pins              ; 0                                           ;
; Total block memory bits         ; 11,392 / 4,065,280 ( < 1 % )                ;
; Total DSP Blocks                ; 0 / 87 ( 0 % )                              ;
; Total HSSI RX PCSs              ; 0                                           ;
; Total HSSI PMA RX Deserializers ; 0                                           ;
; Total HSSI TX PCSs              ; 0                                           ;
; Total HSSI PMA TX Serializers   ; 0                                           ;
; Total PLLs                      ; 1 / 6 ( 17 % )                              ;
; Total DLLs                      ; 0 / 4 ( 0 % )                               ;
+---------------------------------+---------------------------------------------+


+-----------------------------------------+
; Flow Settings                           ;
+-------------------+---------------------+
; Option            ; Setting             ;
+-------------------+---------------------+
; Start date & time ; 02/02/2017 15:30:30 ;
; Main task         ; Compilation         ;
; Revision Name     ; lab1_part2          ;
+-------------------+---------------------+


+-----------------------------------------------------------------------------------------------------------------------------------------------------+
; Flow Non-Default Global Settings                                                                                                                    ;
+-------------------------------------+--------------------------------------------------------------+---------------+---------------+----------------+
; Assignment Name                     ; Value                                                        ; Default Value ; Entity Name   ; Section Id     ;
+-------------------------------------+--------------------------------------------------------------+---------------+---------------+----------------+
; COMPILER_SIGNATURE_ID               ; 26830024389747.148606743007888                               ; --            ; --            ; --             ;
; EDA_OUTPUT_DATA_FORMAT              ; Verilog Hdl                                                  ; --            ; --            ; eda_simulation ;
; EDA_SIMULATION_TOOL                 ; ModelSim-Altera (Verilog)                                    ; <None>        ; --            ; --             ;
; EDA_TIME_SCALE                      ; 1 ps                                                         ; --            ; --            ; eda_simulation ;
; MAX_CORE_JUNCTION_TEMP              ; 85                                                           ; --            ; --            ; --             ;
; MIN_CORE_JUNCTION_TEMP              ; 0                                                            ; --            ; --            ; --             ;
; MISC_FILE                           ; lab1_part2/lab1_part2/synthesis/../lab1_part2.cmp            ; --            ; --            ; --             ;
; MISC_FILE                           ; lab1_part2/lab1_part2/synthesis/../../lab1_part2.qsys        ; --            ; --            ; --             ;
; PARTITION_COLOR                     ; 16764057                                                     ; --            ; count_bin_top ; Top            ;
; PARTITION_FITTER_PRESERVATION_LEVEL ; PLACEMENT_AND_ROUTING                                        ; --            ; count_bin_top ; Top            ;
; PARTITION_NETLIST_TYPE              ; SOURCE                                                       ; --            ; count_bin_top ; Top            ;
; POWER_BOARD_THERMAL_MODEL           ; None (CONSERVATIVE)                                          ; --            ; --            ; --             ;
; POWER_PRESET_COOLING_SOLUTION       ; 23 MM HEAT SINK WITH 200 LFPM AIRFLOW                        ; --            ; --            ; --             ;
; PROJECT_OUTPUT_DIRECTORY            ; output_files                                                 ; --            ; --            ; --             ;
; SLD_FILE                            ; lab1_part2/lab1_part2/synthesis/lab1_part2.regmap            ; --            ; --            ; --             ;
; SLD_FILE                            ; lab1_part2/lab1_part2/synthesis/lab1_part2.debuginfo         ; --            ; --            ; --             ;
; SLD_INFO                            ; QSYS_NAME lab1_part2 HAS_SOPCINFO 1 GENERATION_ID 1486067312 ; --            ; --            ; --             ;
; SOPCINFO_FILE                       ; lab1_part2/lab1_part2/synthesis/../../lab1_part2.sopcinfo    ; --            ; --            ; --             ;
; SYNTHESIS_ONLY_QIP                  ; On                                                           ; --            ; --            ; --             ;
; TOP_LEVEL_ENTITY                    ; count_bin_top                                                ; lab1_part2    ; --            ; --             ;
+-------------------------------------+--------------------------------------------------------------+---------------+---------------+----------------+


+-------------------------------------------------------------------------------------------------------------------------------+
; Flow Elapsed Time                                                                                                             ;
+---------------------------+--------------+-------------------------+---------------------+------------------------------------+
; Module Name               ; Elapsed Time ; Average Processors Used ; Peak Virtual Memory ; Total CPU Time (on all processors) ;
+---------------------------+--------------+-------------------------+---------------------+------------------------------------+
; Analysis & Synthesis      ; 00:00:27     ; 1.0                     ; 1061 MB             ; 00:00:47                           ;
; Fitter                    ; 00:01:21     ; 1.0                     ; 2550 MB             ; 00:01:49                           ;
; Assembler                 ; 00:00:09     ; 1.0                     ; 930 MB              ; 00:00:07                           ;
; TimeQuest Timing Analyzer ; 00:00:14     ; 1.0                     ; 1391 MB             ; 00:00:14                           ;
; EDA Netlist Writer        ; 00:00:03     ; 1.0                     ; 975 MB              ; 00:00:03                           ;
; Total                     ; 00:02:14     ; --                      ; --                  ; 00:03:00                           ;
+---------------------------+--------------+-------------------------+---------------------+------------------------------------+


+----------------------------------------------------------------------------------------+
; Flow OS Summary                                                                        ;
+---------------------------+------------------+-----------+------------+----------------+
; Module Name               ; Machine Hostname ; OS Name   ; OS Version ; Processor type ;
+---------------------------+------------------+-----------+------------+----------------+
; Analysis & Synthesis      ; ECS-ECELAB11     ; Windows 8 ; 6.2        ; x86_64         ;
; Fitter                    ; ECS-ECELAB11     ; Windows 8 ; 6.2        ; x86_64         ;
; Assembler                 ; ECS-ECELAB11     ; Windows 8 ; 6.2        ; x86_64         ;
; TimeQuest Timing Analyzer ; ECS-ECELAB11     ; Windows 8 ; 6.2        ; x86_64         ;
; EDA Netlist Writer        ; ECS-ECELAB11     ; Windows 8 ; 6.2        ; x86_64         ;
+---------------------------+------------------+-----------+------------+----------------+


------------
; Flow Log ;
------------
quartus_map --read_settings_files=on --write_settings_files=off lab1_part2 -c lab1_part2
quartus_fit --read_settings_files=off --write_settings_files=off lab1_part2 -c lab1_part2
quartus_asm --read_settings_files=off --write_settings_files=off lab1_part2 -c lab1_part2
quartus_sta lab1_part2 -c lab1_part2
quartus_eda --read_settings_files=off --write_settings_files=off lab1_part2 -c lab1_part2



